<?xml version="1.0" encoding="UTF-8"?>
<testng-results ignored="0" total="1" passed="1" failed="0" skipped="0">
  <reporter-output>
  </reporter-output>
  <suite started-at="2023-06-02T17:03:18 IST" name="Default suite" finished-at="2023-06-02T17:03:29 IST" duration-ms="11277">
    <groups>
    </groups>
    <test started-at="2023-06-02T17:03:18 IST" name="Default test" finished-at="2023-06-02T17:03:29 IST" duration-ms="11277">
      <class name="testcase.WebtableScreenShot">
        <test-method signature="screenshotWebTable()[pri:0, instance:testcase.WebtableScreenShot@4e096385]" started-at="2023-06-02T17:03:18 IST" name="screenshotWebTable" finished-at="2023-06-02T17:03:29 IST" duration-ms="11190" status="PASS">
          <reporter-output>
          </reporter-output>
        </test-method> <!-- screenshotWebTable -->
      </class> <!-- testcase.WebtableScreenShot -->
    </test> <!-- Default test -->
  </suite> <!-- Default suite -->
</testng-results>
