<?xml version="1.0" encoding="UTF-8"?>
<testng-results ignored="0" total="1" passed="1" failed="0" skipped="0">
  <reporter-output>
    <line>
      <![CDATA[execution start]]>
    </line>
    <line>
      <![CDATA[execution end]]>
    </line>
  </reporter-output>
  <suite started-at="2023-06-03T15:51:40 IST" name="Default suite" finished-at="2023-06-03T15:52:01 IST" duration-ms="21507">
    <groups>
    </groups>
    <test started-at="2023-06-03T15:51:40 IST" name="Default test" finished-at="2023-06-03T15:52:01 IST" duration-ms="21507">
      <class name="TestCase_Class.TestCase_1_loginlogout">
        <test-method is-config="true" signature="executionstart()[pri:0, instance:TestCase_Class.TestCase_1_loginlogout@7133da86]" started-at="2023-06-03T15:51:40 IST" name="executionstart" finished-at="2023-06-03T15:51:40 IST" duration-ms="12" status="PASS">
          <reporter-output>
            <line>
              <![CDATA[execution start]]>
            </line>
          </reporter-output>
        </test-method> <!-- executionstart -->
        <test-method is-config="true" signature="setup()[pri:0, instance:TestCase_Class.TestCase_1_loginlogout@7133da86]" started-at="2023-06-03T15:51:40 IST" name="setup" finished-at="2023-06-03T15:51:53 IST" duration-ms="12954" status="PASS">
          <reporter-output>
          </reporter-output>
        </test-method> <!-- setup -->
        <test-method signature="loginlogout()[pri:0, instance:TestCase_Class.TestCase_1_loginlogout@7133da86]" started-at="2023-06-03T15:51:53 IST" name="loginlogout" finished-at="2023-06-03T15:52:01 IST" duration-ms="8128" status="PASS">
          <reporter-output>
          </reporter-output>
        </test-method> <!-- loginlogout -->
        <test-method is-config="true" signature="close_browser()[pri:0, instance:TestCase_Class.TestCase_1_loginlogout@7133da86]" started-at="2023-06-03T15:52:01 IST" name="close_browser" finished-at="2023-06-03T15:52:01 IST" duration-ms="390" status="PASS">
          <reporter-output>
          </reporter-output>
        </test-method> <!-- close_browser -->
        <test-method is-config="true" signature="end()[pri:0, instance:TestCase_Class.TestCase_1_loginlogout@7133da86]" started-at="2023-06-03T15:52:01 IST" name="end" finished-at="2023-06-03T15:52:01 IST" duration-ms="0" status="PASS">
          <reporter-output>
            <line>
              <![CDATA[execution end]]>
            </line>
          </reporter-output>
        </test-method> <!-- end -->
      </class> <!-- TestCase_Class.TestCase_1_loginlogout -->
    </test> <!-- Default test -->
  </suite> <!-- Default suite -->
</testng-results>
