<?xml version="1.0" encoding="UTF-8"?>
<!-- Generated by org.testng.reporters.JUnitXMLReporter -->
<testsuite ignored="2" hostname="LAPTOP-NVC1LQ7I" failures="0" tests="3" name="Test" time="78.964" errors="0" timestamp="2023-06-02T16:29:39 IST">
  <testcase classname="testcase.TC1_ActitimeLoginLogoute" name="loginLogout" time="18.067"/>
  <testcase classname="testcase.TC1_Actitime_Screenshot" name="loginLogout" time="13.979"/>
  <testcase classname="testcase.TC1_Actitime_Screenshot" name="logout" time="1.904"/>
  <testcase classname="generic.BaseTest" name="@BeforeSuite executionStart" time="0.0">
    <ignored/>
  </testcase> <!-- @BeforeSuite executionStart -->
  <testcase classname="generic.BaseTest" name="@AfterSuite executionComplete" time="0.0">
    <ignored/>
  </testcase> <!-- @AfterSuite executionComplete -->
</testsuite> <!-- Test -->
