<?xml version="1.0" encoding="UTF-8"?>
<!-- Generated by org.testng.reporters.JUnitXMLReporter -->
<testsuite ignored="0" hostname="LAPTOP-NVC1LQ7I" failures="2" tests="6" name="Test(failed)(failed)" time="0.14" errors="0" timestamp="2023-05-20T10:48:55 IST">
  <testcase classname="TestNG_project.MultipleDependency" name="login" time="0.015">
    <failure type="java.lang.AssertionError" message="null">
      <![CDATA[java.lang.AssertionError: null
at TestNG_project.MultipleDependency.login(MultipleDependency.java:11)
at java.base/java.util.ArrayList.forEach(ArrayList.java:1511)
... Removed 29 stack frames]]>
    </failure>
  </testcase> <!-- login -->
  <testcase classname="TestNG_project.MultipleDependency" name="creatework" time="0.0">
    <skipped/>
  </testcase> <!-- creatework -->
  <testcase classname="TestNG_project.MultipleDependency" name="deleteWork" time="0.0">
    <skipped/>
  </testcase> <!-- deleteWork -->
  <testcase classname="TestNG_project.DependesOnMethod" name="login" time="0.002">
    <failure type="java.lang.AssertionError" message="null">
      <![CDATA[java.lang.AssertionError: null
at TestNG_project.DependesOnMethod.login(DependesOnMethod.java:11)
at java.base/java.util.ArrayList.forEach(ArrayList.java:1511)
... Removed 29 stack frames]]>
    </failure>
  </testcase> <!-- login -->
  <testcase classname="TestNG_project.DependesOnMethod" name="creatework" time="0.0">
    <skipped/>
  </testcase> <!-- creatework -->
  <testcase classname="TestNG_project.DependesOnMethod" name="deleteWork" time="0.0">
    <skipped/>
  </testcase> <!-- deleteWork -->
</testsuite> <!-- Test(failed)(failed) -->
