<?xml version="1.0" encoding="UTF-8"?>
<!-- Generated by org.testng.reporters.JUnitXMLReporter -->
<testsuite ignored="1" hostname="LAPTOP-NVC1LQ7I" failures="2" tests="34" name="Test" time="0.476" errors="0" timestamp="2023-05-20T10:33:33 IST">
  <testcase classname="TestNG_project.DependesOnMethod" name="login" time="0.016">
    <failure type="java.lang.AssertionError" message="null">
      <![CDATA[java.lang.AssertionError: null
at TestNG_project.DependesOnMethod.login(DependesOnMethod.java:11)
at java.base/java.util.ArrayList.forEach(ArrayList.java:1511)
... Removed 29 stack frames]]>
    </failure>
  </testcase> <!-- login -->
  <testcase classname="TestNG_project.DependesOnMethod" name="creatework" time="0.0">
    <skipped/>
  </testcase> <!-- creatework -->
  <testcase classname="TestNG_project.DependesOnMethod" name="deleteWork" time="0.0">
    <skipped/>
  </testcase> <!-- deleteWork -->
  <testcase classname="TestNG_project.Priority_2" name="harapriya" time="0.002"/>
  <testcase classname="TestNG_project.Priority_2" name="ipsita" time="0.002"/>
  <testcase classname="TestNG_project.Priority_2" name="anil" time="0.002"/>
  <testcase classname="TestNG_project.Priority_2" name="soumya" time="0.006"/>
  <testcase classname="TestNG_project.MultipleTestMethod" name="anjali" time="0.003"/>
  <testcase classname="TestNG_project.MultipleTestMethod" name="harapriya" time="0.002"/>
  <testcase classname="TestNG_project.MultipleTestMethod" name="ipsita" time="0.002"/>
  <testcase classname="TestNG_project.Priority" name="anil" time="0.003"/>
  <testcase classname="TestNG_project.Priority" name="anjali" time="0.002"/>
  <testcase classname="TestNG_project.Priority" name="soumya" time="0.001"/>
  <testcase classname="TestNG_project.Priority" name="harapriya" time="0.006"/>
  <testcase classname="TestNG_project.Priority" name="ipsita" time="0.002"/>
  <testcase classname="TestNG_project.MultipleDependency" name="login" time="0.002">
    <failure type="java.lang.AssertionError" message="null">
      <![CDATA[java.lang.AssertionError: null
at TestNG_project.MultipleDependency.login(MultipleDependency.java:11)
at java.base/java.util.ArrayList.forEach(ArrayList.java:1511)
... Removed 29 stack frames]]>
    </failure>
  </testcase> <!-- login -->
  <testcase classname="TestNG_project.MultipleDependency" name="creatework" time="0.0">
    <skipped/>
  </testcase> <!-- creatework -->
  <testcase classname="TestNG_project.MultipleDependency" name="deleteWork" time="0.0">
    <skipped/>
  </testcase> <!-- deleteWork -->
  <testcase classname="TestNG_project.InvocationCount" name="anil" time="0.004"/>
  <testcase classname="TestNG_project.InvocationCount" name="anil" time="0.002"/>
  <testcase classname="TestNG_project.InvocationCount" name="anil" time="0.003"/>
  <testcase classname="TestNG_project.InvocationCount" name="anil" time="0.006"/>
  <testcase classname="TestNG_project.InvocationCount" name="raja" time="0.001"/>
  <testcase classname="TestNG_project.InvocationCount" name="raja" time="0.019"/>
  <testcase classname="TestNG_project.InvocationCount" name="raja" time="0.002"/>
  <testcase classname="TestNG_project.InvocationCount" name="sipra" time="0.005"/>
  <testcase classname="TestNG_project.InvocationCount" name="sipra" time="0.003"/>
  <testcase classname="TestNG_project.InvocationCount_Priority" name="sony" time="0.003"/>
  <testcase classname="TestNG_project.InvocationCount_Priority" name="raja" time="0.005"/>
  <testcase classname="TestNG_project.InvocationCount_Priority" name="raja" time="0.003"/>
  <testcase classname="TestNG_project.InvocationCount_Priority" name="anil" time="0.033"/>
  <testcase classname="TestNG_project.InvocationCount_Priority" name="anil" time="0.006"/>
  <testcase classname="TestNG_project.InvocationCount_Priority" name="anil" time="0.009"/>
  <testcase classname="TestNG_project.EnableMethod" name="anil" time="0.003"/>
  <testcase classname="TestNG_project.EnableMethod" name="soumya" time="0.0">
    <ignored/>
  </testcase> <!-- soumya -->
</testsuite> <!-- Test -->
